<?xml version="1.0" encoding="UTF-8"?>
<testsuite name="com.meir.wiki.tests.SearchArticleTest" tests="1" skipped="0" failures="0" errors="0" timestamp="2020-03-02T16:09:47" hostname="Meir_Max" time="22.889">
  <properties/>
  <testcase name="testSearchArticle" classname="com.meir.wiki.tests.SearchArticleTest" time="22.889"/>
  <system-out><![CDATA[]]></system-out>
  <system-err><![CDATA[Mar 02, 2020 6:09:47 PM io.appium.java_client.remote.AppiumCommandExecutor$1 lambda$0
INFO: Detected dialect: W3C
]]></system-err>
</testsuite>
